Using pre-set license
Built from '6000.1/staging' branch; Version is '6000.1.14f1 (db7aa045cc2c) revision 14383776'; Using compiler version '194234433'; Build Type 'Release'
OS: 'Windows 11  (10.0.26100) 64bit Professional' Language: 'en' Physical Memory: 16107 MB
BatchMode: 1, IsHumanControllingUs: 0, StartBugReporterOnCrash: 0, Is64bit: 1, IsPro: 1
Date: 2025-09-30T22:47:24Z

COMMAND LINE ARGUMENTS:
C:\Program Files\Unity\Hub\Editor\6000.1.14f1\Editor\Unity.exe
-adb2
-batchMode
-noUpm
-name
AssetImportWorker0
-projectPath
C:/Users/DRI/OneDrive - University of Nevada, Reno/Documents/WaterPrototype-clean/SharkDemo
-logFile
Logs/AssetImportWorker0.log
-srvPort
63791
-job-worker-count
3
-background-job-worker-count
8
-gc-helper-count
1
-name
AssetImport
Successfully changed project path to: C:/Users/DRI/OneDrive - University of Nevada, Reno/Documents/WaterPrototype-clean/SharkDemo
C:/Users/DRI/OneDrive - University of Nevada, Reno/Documents/WaterPrototype-clean/SharkDemo
[UnityMemory] Configuration Parameters - Can be set up in boot.config
    "memorysetup-allocator-temp-initial-block-size-main=262144"
    "memorysetup-allocator-temp-initial-block-size-worker=262144"
    "memorysetup-bucket-allocator-granularity=16"
    "memorysetup-bucket-allocator-bucket-count=8"
    "memorysetup-bucket-allocator-block-size=33554432"
    "memorysetup-bucket-allocator-block-count=8"
    "memorysetup-main-allocator-block-size=16777216"
    "memorysetup-thread-allocator-block-size=16777216"
    "memorysetup-gfx-main-allocator-block-size=16777216"
    "memorysetup-gfx-thread-allocator-block-size=16777216"
    "memorysetup-cache-allocator-block-size=4194304"
    "memorysetup-typetree-allocator-block-size=2097152"
    "memorysetup-profiler-bucket-allocator-granularity=16"
    "memorysetup-profiler-bucket-allocator-bucket-count=8"
    "memorysetup-profiler-bucket-allocator-block-size=33554432"
    "memorysetup-profiler-bucket-allocator-block-count=8"
    "memorysetup-profiler-allocator-block-size=16777216"
    "memorysetup-profiler-editor-allocator-block-size=1048576"
    "memorysetup-temp-allocator-size-main=16777216"
    "memorysetup-job-temp-allocator-block-size=2097152"
    "memorysetup-job-temp-allocator-block-size-background=1048576"
    "memorysetup-job-temp-allocator-reduction-small-platforms=262144"
    "memorysetup-temp-allocator-size-background-worker=32768"
    "memorysetup-temp-allocator-size-job-worker=262144"
    "memorysetup-temp-allocator-size-preload-manager=33554432"
    "memorysetup-temp-allocator-size-nav-mesh-worker=65536"
    "memorysetup-temp-allocator-size-audio-worker=65536"
    "memorysetup-temp-allocator-size-cloud-worker=32768"
    "memorysetup-temp-allocator-size-gi-baking-worker=262144"
    "memorysetup-temp-allocator-size-gi-baking-worker=262144"
    "memorysetup-temp-allocator-size-gi-baking-worker=262144"
    "memorysetup-temp-allocator-size-gi-baking-worker=262144"
    "memorysetup-temp-allocator-size-gi-baking-worker=262144"
    "memorysetup-temp-allocator-size-gfx=262144"
Player connection [26528]  Target information:

Player connection [26528]  * "[IP] 168.150.99.152 [Port] 0 [Flags] 2 [Guid] 2416281028 [EditorId] 2416281028 [Version] 1048832 [Id] WindowsEditor(7,DESKTOP-VHPELKK) [Debug] 1 [PackageName] WindowsEditor [ProjectName] Editor" 

Player connection [26528] Host joined multi-casting on [225.0.0.222:54997]...
Player connection [26528] Host joined alternative multi-casting on [225.0.0.222:34997]...
JobSystem: Creating JobQueue using job-worker-count value 3
Input System module state changed to: Initialized.
[Physics::Module] Initialized fallback backend.
[Physics::Module] Id: 0xdecafbad
Library Redirect Path: Library/
[Physics::Module] Selected backend.
[Physics::Module] Name: PhysX
[Physics::Module] Id: 0xf2b8ea05
[Physics::Module] SDK Version: 4.1.2
[Physics::Module] Integration Version: 1.0.0
[Physics::Module] Threading Mode: Multi-Threaded
Refreshing native plugins compatible for Editor in 5.68 ms, found 3 plugins.
Preloading 0 native plugins for Editor in 0.00 ms.
Initialize engine version: 6000.1.14f1 (db7aa045cc2c)
[Subsystems] Discovering subsystems at path C:/Program Files/Unity/Hub/Editor/6000.1.14f1/Editor/Data/Resources/UnitySubsystems
[Subsystems] Discovering subsystems at path C:/Users/DRI/OneDrive - University of Nevada, Reno/Documents/WaterPrototype-clean/SharkDemo/Assets
GfxDevice: creating device client; kGfxThreadingModeNonThreaded
Direct3D:
    Version:         Direct3D 12 [level 12.1]
    Renderer:        Intel(R) Iris(R) Xe Graphics (ID=0x9a49)
    Vendor:          Intel
    VRAM:            8053 MB
    App VRAM Budget: 7394 MB
    Driver:          32.0.101.7029
    Unified Memory Architecture
    Cache Coherent UMA
Initialize mono
Mono path[0] = 'C:/Program Files/Unity/Hub/Editor/6000.1.14f1/Editor/Data/Managed'
Mono path[1] = 'C:/Program Files/Unity/Hub/Editor/6000.1.14f1/Editor/Data/MonoBleedingEdge/lib/mono/unityjit-win32'
Mono config path = 'C:/Program Files/Unity/Hub/Editor/6000.1.14f1/Editor/Data/MonoBleedingEdge/etc'
Using monoOptions --debugger-agent=transport=dt_socket,embedding=1,server=y,suspend=n,address=127.0.0.1:56240
Begin MonoManager ReloadAssembly
Registering precompiled unity dll's ...
Register platform support module: C:/Program Files/Unity/Hub/Editor/6000.1.14f1/Editor/Data/PlaybackEngines/WindowsStandaloneSupport/UnityEditor.WindowsStandalone.Extensions.dll
Registered in 0.004055 seconds.
- Loaded All Assemblies, in  0.599 seconds
Native extension for WindowsStandalone target not found
Mono: successfully reloaded assembly
- Finished resetting the current domain, in  0.500 seconds
Domain Reload Profiling: 1096ms
	BeginReloadAssembly (218ms)
		ExecutionOrderSort (0ms)
		DisableScriptedObjects (0ms)
		BackupInstance (0ms)
		ReleaseScriptingObjects (0ms)
		CreateAndSetChildDomain (1ms)
	RebuildCommonClasses (63ms)
	RebuildNativeTypeToScriptingClass (18ms)
	initialDomainReloadingComplete (80ms)
	LoadAllAssembliesAndSetupDomain (216ms)
		LoadAssemblies (214ms)
		RebuildTransferFunctionScriptingTraits (0ms)
		AnalyzeDomain (212ms)
			TypeCache.Refresh (210ms)
				TypeCache.ScanAssembly (192ms)
			BuildScriptInfoCaches (0ms)
			ResolveRequiredComponents (1ms)
	FinalizeReload (501ms)
		ReleaseScriptCaches (0ms)
		RebuildScriptCaches (0ms)
		SetupLoadedEditorAssemblies (432ms)
			LogAssemblyErrors (0ms)
			InitializePlatformSupportModulesInManaged (70ms)
			SetLoadedEditorAssemblies (5ms)
			BeforeProcessingInitializeOnLoad (88ms)
			ProcessInitializeOnLoadAttributes (188ms)
			ProcessInitializeOnLoadMethodAttributes (81ms)
			AfterProcessingInitializeOnLoad (0ms)
			EditorAssembliesLoaded (0ms)
		ExecutionOrderSort2 (0ms)
		AwakeInstancesAfterBackupRestoration (0ms)
========================================================================
Worker process is ready to serve import requests
Import Worker Mode flag is 0x00
Begin MonoManager ReloadAssembly
- Loaded All Assemblies, in  1.008 seconds
Refreshing native plugins compatible for Editor in 1.40 ms, found 3 plugins.
Native extension for WindowsStandalone target not found
Mono: successfully reloaded assembly
- Finished resetting the current domain, in  1.429 seconds
Domain Reload Profiling: 2430ms
	BeginReloadAssembly (235ms)
		ExecutionOrderSort (0ms)
		DisableScriptedObjects (7ms)
		BackupInstance (0ms)
		ReleaseScriptingObjects (0ms)
		CreateAndSetChildDomain (35ms)
	RebuildCommonClasses (59ms)
	RebuildNativeTypeToScriptingClass (15ms)
	initialDomainReloadingComplete (59ms)
	LoadAllAssembliesAndSetupDomain (633ms)
		LoadAssemblies (465ms)
		RebuildTransferFunctionScriptingTraits (0ms)
		AnalyzeDomain (315ms)
			TypeCache.Refresh (228ms)
				TypeCache.ScanAssembly (210ms)
			BuildScriptInfoCaches (67ms)
			ResolveRequiredComponents (14ms)
	FinalizeReload (1429ms)
		ReleaseScriptCaches (0ms)
		RebuildScriptCaches (0ms)
		SetupLoadedEditorAssemblies (1114ms)
			LogAssemblyErrors (0ms)
			InitializePlatformSupportModulesInManaged (2ms)
			SetLoadedEditorAssemblies (6ms)
			BeforeProcessingInitializeOnLoad (265ms)
			ProcessInitializeOnLoadAttributes (746ms)
			ProcessInitializeOnLoadMethodAttributes (84ms)
			AfterProcessingInitializeOnLoad (10ms)
			EditorAssembliesLoaded (0ms)
		ExecutionOrderSort2 (0ms)
		AwakeInstancesAfterBackupRestoration (10ms)
Launched and connected shader compiler UnityShaderCompiler.exe after 0.03 seconds
Refreshing native plugins compatible for Editor in 1.79 ms, found 3 plugins.
Preloading 0 native plugins for Editor in 0.00 ms.
Unloading 13 Unused Serialized files (Serialized files now loaded: 0)
Unloading 6108 unused Assets / (4.3 MB). Loaded Objects now: 6821.
Memory consumption went from 139.7 MB to 135.4 MB.
Total: 11.977000 ms (FindLiveObjects: 0.741300 ms CreateObjectMapping: 0.713400 ms MarkObjects: 7.564500 ms  DeleteObjects: 2.955600 ms)

========================================================================
Received Prepare
Begin MonoManager ReloadAssembly
- Loaded All Assemblies, in  1.127 seconds
Refreshing native plugins compatible for Editor in 2.57 ms, found 3 plugins.
Native extension for WindowsStandalone target not found
Mono: successfully reloaded assembly
- Finished resetting the current domain, in  1.292 seconds
Domain Reload Profiling: 2414ms
	BeginReloadAssembly (283ms)
		ExecutionOrderSort (0ms)
		DisableScriptedObjects (11ms)
		BackupInstance (0ms)
		ReleaseScriptingObjects (0ms)
		CreateAndSetChildDomain (63ms)
	RebuildCommonClasses (66ms)
	RebuildNativeTypeToScriptingClass (22ms)
	initialDomainReloadingComplete (49ms)
	LoadAllAssembliesAndSetupDomain (701ms)
		LoadAssemblies (519ms)
		RebuildTransferFunctionScriptingTraits (0ms)
		AnalyzeDomain (319ms)
			TypeCache.Refresh (9ms)
				TypeCache.ScanAssembly (0ms)
			BuildScriptInfoCaches (285ms)
			ResolveRequiredComponents (18ms)
	FinalizeReload (1292ms)
		ReleaseScriptCaches (0ms)
		RebuildScriptCaches (0ms)
		SetupLoadedEditorAssemblies (1008ms)
			LogAssemblyErrors (0ms)
			InitializePlatformSupportModulesInManaged (2ms)
			SetLoadedEditorAssemblies (6ms)
			BeforeProcessingInitializeOnLoad (265ms)
			ProcessInitializeOnLoadAttributes (633ms)
			ProcessInitializeOnLoadMethodAttributes (95ms)
			AfterProcessingInitializeOnLoad (7ms)
			EditorAssembliesLoaded (0ms)
		ExecutionOrderSort2 (0ms)
		AwakeInstancesAfterBackupRestoration (30ms)
Refreshing native plugins compatible for Editor in 1.95 ms, found 3 plugins.
Preloading 0 native plugins for Editor in 0.00 ms.
Unloading 13 Unused Serialized files (Serialized files now loaded: 0)
Unloading 6106 unused Assets / (4.1 MB). Loaded Objects now: 6837.
Memory consumption went from 146.3 MB to 142.1 MB.
Total: 12.387800 ms (FindLiveObjects: 1.005900 ms CreateObjectMapping: 1.307800 ms MarkObjects: 6.861400 ms  DeleteObjects: 3.210400 ms)

Prepare: number of updated asset objects reloaded= 0
========================================================================
Received Import Request.
  Time since last request: 68947.271619 seconds.
  path: Assets/AtmPersp_mat.mat
  artifactKey: Guid(a23e44953a06e4412babc9fa9729420b) Importer(815301076,1909f56bfc062723c751e8b465ee728b)
Start importing Assets/AtmPersp_mat.mat using Guid(a23e44953a06e4412babc9fa9729420b) Importer(815301076,1909f56bfc062723c751e8b465ee728b) (PreviewImporter) -> (artifact id: '0b7e8d251581ced0047188bdcdc4a707') in 1.5699192 seconds
Number of updated asset objects reloaded before import = 2Number of asset objects unloaded after import = 1

========================================================================
Received Import Request.
  Time since last request: 32.768627 seconds.
  path: Assets/AtmPersp_mat.mat
  artifactKey: Guid(a23e44953a06e4412babc9fa9729420b) Importer(815301076,1909f56bfc062723c751e8b465ee728b)
Start importing Assets/AtmPersp_mat.mat using Guid(a23e44953a06e4412babc9fa9729420b) Importer(815301076,1909f56bfc062723c751e8b465ee728b) (PreviewImporter) -> (artifact id: 'e1a1ecd71357b1ab5424d4ff66bf753c') in 0.3115981 seconds
Number of updated asset objects reloaded before import = 2Number of asset objects unloaded after import = 1

========================================================================
Received Import Request.
  Time since last request: 6.921933 seconds.
  path: Assets/AtmPersp_mat.mat
  artifactKey: Guid(a23e44953a06e4412babc9fa9729420b) Importer(815301076,1909f56bfc062723c751e8b465ee728b)
Start importing Assets/AtmPersp_mat.mat using Guid(a23e44953a06e4412babc9fa9729420b) Importer(815301076,1909f56bfc062723c751e8b465ee728b) (PreviewImporter) -> (artifact id: '3d566aab82c004741d71f9c2fcc0fbb5') in 0.3100258 seconds
Number of updated asset objects reloaded before import = 2Number of asset objects unloaded after import = 1

========================================================================
Received Import Request.
  Time since last request: 9.745546 seconds.
  path: Assets/AtmPersp_mat.mat
  artifactKey: Guid(a23e44953a06e4412babc9fa9729420b) Importer(815301076,1909f56bfc062723c751e8b465ee728b)
Start importing Assets/AtmPersp_mat.mat using Guid(a23e44953a06e4412babc9fa9729420b) Importer(815301076,1909f56bfc062723c751e8b465ee728b) (PreviewImporter) -> (artifact id: '835120641b32d063a992cfc35ab2b4a3') in 0.3608718 seconds
Number of updated asset objects reloaded before import = 2Number of asset objects unloaded after import = 1

========================================================================
Received Import Request.
  Time since last request: 10.495427 seconds.
  path: Assets/AtmPersp_mat.mat
  artifactKey: Guid(a23e44953a06e4412babc9fa9729420b) Importer(815301076,1909f56bfc062723c751e8b465ee728b)
Start importing Assets/AtmPersp_mat.mat using Guid(a23e44953a06e4412babc9fa9729420b) Importer(815301076,1909f56bfc062723c751e8b465ee728b) (PreviewImporter) -> (artifact id: '6532b991e39f7a20e6532f886e4b8fa6') in 0.2997128 seconds
Number of updated asset objects reloaded before import = 2Number of asset objects unloaded after import = 1

========================================================================
Received Import Request.
  Time since last request: 13.285108 seconds.
  path: Assets/AtmPersp_mat.mat
  artifactKey: Guid(a23e44953a06e4412babc9fa9729420b) Importer(815301076,1909f56bfc062723c751e8b465ee728b)
Start importing Assets/AtmPersp_mat.mat using Guid(a23e44953a06e4412babc9fa9729420b) Importer(815301076,1909f56bfc062723c751e8b465ee728b) (PreviewImporter) -> (artifact id: '74015db5bc3559b0c8aed853c6ecd1da') in 0.4435884 seconds
Number of updated asset objects reloaded before import = 2Number of asset objects unloaded after import = 1

========================================================================
Received Import Request.
  Time since last request: 11.249227 seconds.
  path: Assets/AtmPersp_mat.mat
  artifactKey: Guid(a23e44953a06e4412babc9fa9729420b) Importer(815301076,1909f56bfc062723c751e8b465ee728b)
Start importing Assets/AtmPersp_mat.mat using Guid(a23e44953a06e4412babc9fa9729420b) Importer(815301076,1909f56bfc062723c751e8b465ee728b) (PreviewImporter) -> (artifact id: '72a34d93f4bf8926dff7f0fb35e41ae0') in 0.4866663 seconds
Number of updated asset objects reloaded before import = 2Number of asset objects unloaded after import = 1

========================================================================
Received Import Request.
  Time since last request: 8.654099 seconds.
  path: Assets/AtmPersp_mat.mat
  artifactKey: Guid(a23e44953a06e4412babc9fa9729420b) Importer(815301076,1909f56bfc062723c751e8b465ee728b)
Start importing Assets/AtmPersp_mat.mat using Guid(a23e44953a06e4412babc9fa9729420b) Importer(815301076,1909f56bfc062723c751e8b465ee728b) (PreviewImporter) -> (artifact id: 'c3652bde5bfd6247bcd2314d048caf63') in 0.4026232 seconds
Number of updated asset objects reloaded before import = 2Number of asset objects unloaded after import = 1

========================================================================
Received Import Request.
  Time since last request: 2.005879 seconds.
  path: Assets/AtmPersp_mat.mat
  artifactKey: Guid(a23e44953a06e4412babc9fa9729420b) Importer(815301076,1909f56bfc062723c751e8b465ee728b)
Start importing Assets/AtmPersp_mat.mat using Guid(a23e44953a06e4412babc9fa9729420b) Importer(815301076,1909f56bfc062723c751e8b465ee728b) (PreviewImporter) -> (artifact id: '01fe372f9dd66b19ba37013b38cae4c8') in 0.4076747 seconds
Number of updated asset objects reloaded before import = 2Number of asset objects unloaded after import = 1

========================================================================
Received Import Request.
  Time since last request: 45.383644 seconds.
  path: Assets/AtmPersp_mat.mat
  artifactKey: Guid(a23e44953a06e4412babc9fa9729420b) Importer(815301076,1909f56bfc062723c751e8b465ee728b)
Start importing Assets/AtmPersp_mat.mat using Guid(a23e44953a06e4412babc9fa9729420b) Importer(815301076,1909f56bfc062723c751e8b465ee728b) (PreviewImporter) -> (artifact id: '8a4311c0c5a0b767a3581450fb8f07a9') in 0.4556693 seconds
Number of updated asset objects reloaded before import = 2Number of asset objects unloaded after import = 1

========================================================================
Received Import Request.
  Time since last request: 16.855049 seconds.
  path: Assets/AtmPersp_mat.mat
  artifactKey: Guid(a23e44953a06e4412babc9fa9729420b) Importer(815301076,1909f56bfc062723c751e8b465ee728b)
Start importing Assets/AtmPersp_mat.mat using Guid(a23e44953a06e4412babc9fa9729420b) Importer(815301076,1909f56bfc062723c751e8b465ee728b) (PreviewImporter) -> (artifact id: 'e598b29eb4437a6bfb9290e477ce3816') in 0.427668 seconds
Number of updated asset objects reloaded before import = 2Number of asset objects unloaded after import = 1

========================================================================
Received Import Request.
  Time since last request: 3.438455 seconds.
  path: Assets/AtmPersp_mat.mat
  artifactKey: Guid(a23e44953a06e4412babc9fa9729420b) Importer(815301076,1909f56bfc062723c751e8b465ee728b)
Start importing Assets/AtmPersp_mat.mat using Guid(a23e44953a06e4412babc9fa9729420b) Importer(815301076,1909f56bfc062723c751e8b465ee728b) (PreviewImporter) -> (artifact id: '0f1a1afaacdce6743b915f8d61d8d836') in 0.4248227 seconds
Number of updated asset objects reloaded before import = 2Number of asset objects unloaded after import = 1

========================================================================
Received Import Request.
  Time since last request: 3.357096 seconds.
  path: Assets/AtmPersp_mat.mat
  artifactKey: Guid(a23e44953a06e4412babc9fa9729420b) Importer(815301076,1909f56bfc062723c751e8b465ee728b)
Start importing Assets/AtmPersp_mat.mat using Guid(a23e44953a06e4412babc9fa9729420b) Importer(815301076,1909f56bfc062723c751e8b465ee728b) (PreviewImporter) -> (artifact id: 'eb2a3f71e2d7edb18f3b0b9ad65983d8') in 0.4265674 seconds
Number of updated asset objects reloaded before import = 2Number of asset objects unloaded after import = 1

========================================================================
Received Import Request.
  Time since last request: 1.873727 seconds.
  path: Assets/AtmPersp_mat.mat
  artifactKey: Guid(a23e44953a06e4412babc9fa9729420b) Importer(815301076,1909f56bfc062723c751e8b465ee728b)
Start importing Assets/AtmPersp_mat.mat using Guid(a23e44953a06e4412babc9fa9729420b) Importer(815301076,1909f56bfc062723c751e8b465ee728b) (PreviewImporter) -> (artifact id: 'ea68ae1c932e7aafeacc3c81599d5e47') in 0.4315255 seconds
Number of updated asset objects reloaded before import = 2Number of asset objects unloaded after import = 1

========================================================================
Received Import Request.
  Time since last request: 18.553263 seconds.
  path: Assets/AtmPersp_mat.mat
  artifactKey: Guid(a23e44953a06e4412babc9fa9729420b) Importer(815301076,1909f56bfc062723c751e8b465ee728b)
Start importing Assets/AtmPersp_mat.mat using Guid(a23e44953a06e4412babc9fa9729420b) Importer(815301076,1909f56bfc062723c751e8b465ee728b) (PreviewImporter) -> (artifact id: '94c88956de06484e311aabfcdff0e17b') in 0.4238073 seconds
Number of updated asset objects reloaded before import = 2Number of asset objects unloaded after import = 1

========================================================================
Received Import Request.
  Time since last request: 8.823463 seconds.
  path: Assets/AtmPersp_mat.mat
  artifactKey: Guid(a23e44953a06e4412babc9fa9729420b) Importer(815301076,1909f56bfc062723c751e8b465ee728b)
Start importing Assets/AtmPersp_mat.mat using Guid(a23e44953a06e4412babc9fa9729420b) Importer(815301076,1909f56bfc062723c751e8b465ee728b) (PreviewImporter) -> (artifact id: '374c47f306dabecb00dd6f9ba50e36b1') in 0.4320033 seconds
Number of updated asset objects reloaded before import = 2Number of asset objects unloaded after import = 1

========================================================================
Received Import Request.
  Time since last request: 45.309195 seconds.
  path: Assets/AtmPersp_mat.mat
  artifactKey: Guid(a23e44953a06e4412babc9fa9729420b) Importer(815301076,1909f56bfc062723c751e8b465ee728b)
Start importing Assets/AtmPersp_mat.mat using Guid(a23e44953a06e4412babc9fa9729420b) Importer(815301076,1909f56bfc062723c751e8b465ee728b) (PreviewImporter) -> (artifact id: 'f16e698ce38fbff9f171bb9d95bd3674') in 0.3318034 seconds
Number of updated asset objects reloaded before import = 2Number of asset objects unloaded after import = 1

========================================================================
Received Import Request.
  Time since last request: 41.561745 seconds.
  path: Assets/AtmPersp_mat.mat
  artifactKey: Guid(a23e44953a06e4412babc9fa9729420b) Importer(815301076,1909f56bfc062723c751e8b465ee728b)
Start importing Assets/AtmPersp_mat.mat using Guid(a23e44953a06e4412babc9fa9729420b) Importer(815301076,1909f56bfc062723c751e8b465ee728b) (PreviewImporter) -> (artifact id: 'fe54cd82a031dcb4132ea8f488cbde4d') in 0.4589176 seconds
Number of updated asset objects reloaded before import = 2Number of asset objects unloaded after import = 1

========================================================================
Received Import Request.
  Time since last request: 4.634912 seconds.
  path: Assets/AtmPersp_mat.mat
  artifactKey: Guid(a23e44953a06e4412babc9fa9729420b) Importer(815301076,1909f56bfc062723c751e8b465ee728b)
Start importing Assets/AtmPersp_mat.mat using Guid(a23e44953a06e4412babc9fa9729420b) Importer(815301076,1909f56bfc062723c751e8b465ee728b) (PreviewImporter) -> (artifact id: 'd1aba465a3e38a37e8f07782cd9b394d') in 0.4520118 seconds
Number of updated asset objects reloaded before import = 2Number of asset objects unloaded after import = 1

========================================================================
Received Import Request.
  Time since last request: 8.466359 seconds.
  path: Assets/AtmPersp_mat.mat
  artifactKey: Guid(a23e44953a06e4412babc9fa9729420b) Importer(815301076,1909f56bfc062723c751e8b465ee728b)
Start importing Assets/AtmPersp_mat.mat using Guid(a23e44953a06e4412babc9fa9729420b) Importer(815301076,1909f56bfc062723c751e8b465ee728b) (PreviewImporter) -> (artifact id: 'ef60c546f8e35bdf24b7017aac23266b') in 0.4096666 seconds
Number of updated asset objects reloaded before import = 2Number of asset objects unloaded after import = 1

========================================================================
Received Import Request.
  Time since last request: 3.670528 seconds.
  path: Assets/AtmPersp_mat.mat
  artifactKey: Guid(a23e44953a06e4412babc9fa9729420b) Importer(815301076,1909f56bfc062723c751e8b465ee728b)
Start importing Assets/AtmPersp_mat.mat using Guid(a23e44953a06e4412babc9fa9729420b) Importer(815301076,1909f56bfc062723c751e8b465ee728b) (PreviewImporter) -> (artifact id: 'e634fb0729fd8149083b96118e152499') in 0.465974 seconds
Number of updated asset objects reloaded before import = 2Number of asset objects unloaded after import = 1

========================================================================
Received Import Request.
  Time since last request: 3.826202 seconds.
  path: Assets/AtmPersp_mat.mat
  artifactKey: Guid(a23e44953a06e4412babc9fa9729420b) Importer(815301076,1909f56bfc062723c751e8b465ee728b)
Start importing Assets/AtmPersp_mat.mat using Guid(a23e44953a06e4412babc9fa9729420b) Importer(815301076,1909f56bfc062723c751e8b465ee728b) (PreviewImporter) -> (artifact id: '921ee418b890ef9840c9d9269a4181e3') in 0.4845268 seconds
Number of updated asset objects reloaded before import = 2Number of asset objects unloaded after import = 1

========================================================================
Received Import Request.
  Time since last request: 3.346670 seconds.
  path: Assets/AtmPersp_mat.mat
  artifactKey: Guid(a23e44953a06e4412babc9fa9729420b) Importer(815301076,1909f56bfc062723c751e8b465ee728b)
Start importing Assets/AtmPersp_mat.mat using Guid(a23e44953a06e4412babc9fa9729420b) Importer(815301076,1909f56bfc062723c751e8b465ee728b) (PreviewImporter) -> (artifact id: 'd7b60e428539616db3e31978b26725b7') in 0.4065105 seconds
Number of updated asset objects reloaded before import = 2Number of asset objects unloaded after import = 1

========================================================================
Received Import Request.
  Time since last request: 13.943412 seconds.
  path: Assets/AtmPersp_mat.mat
  artifactKey: Guid(a23e44953a06e4412babc9fa9729420b) Importer(815301076,1909f56bfc062723c751e8b465ee728b)
Start importing Assets/AtmPersp_mat.mat using Guid(a23e44953a06e4412babc9fa9729420b) Importer(815301076,1909f56bfc062723c751e8b465ee728b) (PreviewImporter) -> (artifact id: 'df285a82366c0493b3dfc2c4b8b8f423') in 0.2211088 seconds
Number of updated asset objects reloaded before import = 2Number of asset objects unloaded after import = 1

========================================================================
Received Import Request.
  Time since last request: 33.618400 seconds.
  path: Assets/AtmPersp_mat.mat
  artifactKey: Guid(a23e44953a06e4412babc9fa9729420b) Importer(815301076,1909f56bfc062723c751e8b465ee728b)
Start importing Assets/AtmPersp_mat.mat using Guid(a23e44953a06e4412babc9fa9729420b) Importer(815301076,1909f56bfc062723c751e8b465ee728b) (PreviewImporter) -> (artifact id: 'cb3bd8f07d6156bd89ac46c98ce97674') in 0.4332132 seconds
Number of updated asset objects reloaded before import = 2Number of asset objects unloaded after import = 1

========================================================================
Received Import Request.
  Time since last request: 6.080801 seconds.
  path: Assets/AtmPersp_mat.mat
  artifactKey: Guid(a23e44953a06e4412babc9fa9729420b) Importer(815301076,1909f56bfc062723c751e8b465ee728b)
Start importing Assets/AtmPersp_mat.mat using Guid(a23e44953a06e4412babc9fa9729420b) Importer(815301076,1909f56bfc062723c751e8b465ee728b) (PreviewImporter) -> (artifact id: 'ec0b378ded38fe86a92ece783f20e534') in 0.0197437 seconds
Number of updated asset objects reloaded before import = 2Number of asset objects unloaded after import = 1

========================================================================
Received Import Request.
  Time since last request: 48.598469 seconds.
  path: Assets/AtmPersp_mat.mat
  artifactKey: Guid(a23e44953a06e4412babc9fa9729420b) Importer(815301076,1909f56bfc062723c751e8b465ee728b)
Start importing Assets/AtmPersp_mat.mat using Guid(a23e44953a06e4412babc9fa9729420b) Importer(815301076,1909f56bfc062723c751e8b465ee728b) (PreviewImporter) -> (artifact id: 'f6c09617dfdac0c5a99a5d2028dd2940') in 0.433653 seconds
Number of updated asset objects reloaded before import = 2Number of asset objects unloaded after import = 1

========================================================================
Received Import Request.
  Time since last request: 10.058084 seconds.
  path: Assets/AtmPersp_mat.mat
  artifactKey: Guid(a23e44953a06e4412babc9fa9729420b) Importer(815301076,1909f56bfc062723c751e8b465ee728b)
Start importing Assets/AtmPersp_mat.mat using Guid(a23e44953a06e4412babc9fa9729420b) Importer(815301076,1909f56bfc062723c751e8b465ee728b) (PreviewImporter) -> (artifact id: '826889c55e194bd71cf44aea5e352dc9') in 0.4199533 seconds
Number of updated asset objects reloaded before import = 2Number of asset objects unloaded after import = 1

========================================================================
Received Import Request.
  Time since last request: 29.289179 seconds.
  path: Assets/AtmPersp_mat.mat
  artifactKey: Guid(a23e44953a06e4412babc9fa9729420b) Importer(815301076,1909f56bfc062723c751e8b465ee728b)
Start importing Assets/AtmPersp_mat.mat using Guid(a23e44953a06e4412babc9fa9729420b) Importer(815301076,1909f56bfc062723c751e8b465ee728b) (PreviewImporter) -> (artifact id: '2d3bdcfcb592bcb943567a16cc1d1bc1') in 0.196744 seconds
Number of updated asset objects reloaded before import = 2Number of asset objects unloaded after import = 1

========================================================================
Received Import Request.
  Time since last request: 2.642836 seconds.
  path: Assets/AtmPersp_mat.mat
  artifactKey: Guid(a23e44953a06e4412babc9fa9729420b) Importer(815301076,1909f56bfc062723c751e8b465ee728b)
Start importing Assets/AtmPersp_mat.mat using Guid(a23e44953a06e4412babc9fa9729420b) Importer(815301076,1909f56bfc062723c751e8b465ee728b) (PreviewImporter) -> (artifact id: '2948141a26330c0db4403f66fe38e509') in 0.4525275 seconds
Number of updated asset objects reloaded before import = 2Number of asset objects unloaded after import = 1

========================================================================
Received Import Request.
  Time since last request: 15.514420 seconds.
  path: Assets/AtmPersp_mat.mat
  artifactKey: Guid(a23e44953a06e4412babc9fa9729420b) Importer(815301076,1909f56bfc062723c751e8b465ee728b)
Start importing Assets/AtmPersp_mat.mat using Guid(a23e44953a06e4412babc9fa9729420b) Importer(815301076,1909f56bfc062723c751e8b465ee728b) (PreviewImporter) -> (artifact id: '47741f42395669afdb4458ec2540215d') in 0.390505 seconds
Number of updated asset objects reloaded before import = 2Number of asset objects unloaded after import = 1

========================================================================
Received Import Request.
  Time since last request: 4.957071 seconds.
  path: Assets/AtmPersp_mat.mat
  artifactKey: Guid(a23e44953a06e4412babc9fa9729420b) Importer(815301076,1909f56bfc062723c751e8b465ee728b)
Start importing Assets/AtmPersp_mat.mat using Guid(a23e44953a06e4412babc9fa9729420b) Importer(815301076,1909f56bfc062723c751e8b465ee728b) (PreviewImporter) -> (artifact id: '1837eb4db459a22bc2425d05f417965d') in 0.4316798 seconds
Number of updated asset objects reloaded before import = 2Number of asset objects unloaded after import = 1

========================================================================
Received Prepare
Begin MonoManager ReloadAssembly
- Loaded All Assemblies, in  0.863 seconds
Refreshing native plugins compatible for Editor in 1.40 ms, found 3 plugins.
Native extension for WindowsStandalone target not found
Mono: successfully reloaded assembly
- Finished resetting the current domain, in  1.229 seconds
Domain Reload Profiling: 2089ms
	BeginReloadAssembly (245ms)
		ExecutionOrderSort (0ms)
		DisableScriptedObjects (23ms)
		BackupInstance (0ms)
		ReleaseScriptingObjects (0ms)
		CreateAndSetChildDomain (57ms)
	RebuildCommonClasses (48ms)
	RebuildNativeTypeToScriptingClass (18ms)
	initialDomainReloadingComplete (43ms)
	LoadAllAssembliesAndSetupDomain (507ms)
		LoadAssemblies (380ms)
		RebuildTransferFunctionScriptingTraits (0ms)
		AnalyzeDomain (228ms)
			TypeCache.Refresh (9ms)
				TypeCache.ScanAssembly (0ms)
			BuildScriptInfoCaches (199ms)
			ResolveRequiredComponents (14ms)
	FinalizeReload (1229ms)
		ReleaseScriptCaches (0ms)
		RebuildScriptCaches (0ms)
		SetupLoadedEditorAssemblies (912ms)
			LogAssemblyErrors (0ms)
			InitializePlatformSupportModulesInManaged (3ms)
			SetLoadedEditorAssemblies (7ms)
			BeforeProcessingInitializeOnLoad (228ms)
			ProcessInitializeOnLoadAttributes (580ms)
			ProcessInitializeOnLoadMethodAttributes (83ms)
			AfterProcessingInitializeOnLoad (11ms)
			EditorAssembliesLoaded (0ms)
		ExecutionOrderSort2 (0ms)
		AwakeInstancesAfterBackupRestoration (23ms)
Refreshing native plugins compatible for Editor in 1.66 ms, found 3 plugins.
Preloading 0 native plugins for Editor in 0.00 ms.
Unloading 13 Unused Serialized files (Serialized files now loaded: 0)
Unloading 6106 unused Assets / (4.1 MB). Loaded Objects now: 6905.
Memory consumption went from 152.2 MB to 148.1 MB.
Total: 10.165900 ms (FindLiveObjects: 0.800900 ms CreateObjectMapping: 0.727600 ms MarkObjects: 5.983900 ms  DeleteObjects: 2.651800 ms)

Prepare: number of updated asset objects reloaded= 0
========================================================================
Received Prepare
Begin MonoManager ReloadAssembly
- Loaded All Assemblies, in  1.087 seconds
Refreshing native plugins compatible for Editor in 1.69 ms, found 3 plugins.
Native extension for WindowsStandalone target not found
Mono: successfully reloaded assembly
- Finished resetting the current domain, in  1.187 seconds
Domain Reload Profiling: 2272ms
	BeginReloadAssembly (281ms)
		ExecutionOrderSort (0ms)
		DisableScriptedObjects (7ms)
		BackupInstance (0ms)
		ReleaseScriptingObjects (0ms)
		CreateAndSetChildDomain (61ms)
	RebuildCommonClasses (61ms)
	RebuildNativeTypeToScriptingClass (17ms)
	initialDomainReloadingComplete (37ms)
	LoadAllAssembliesAndSetupDomain (688ms)
		LoadAssemblies (505ms)
		RebuildTransferFunctionScriptingTraits (0ms)
		AnalyzeDomain (319ms)
			TypeCache.Refresh (9ms)
				TypeCache.ScanAssembly (0ms)
			BuildScriptInfoCaches (280ms)
			ResolveRequiredComponents (23ms)
	FinalizeReload (1188ms)
		ReleaseScriptCaches (0ms)
		RebuildScriptCaches (0ms)
		SetupLoadedEditorAssemblies (965ms)
			LogAssemblyErrors (0ms)
			InitializePlatformSupportModulesInManaged (2ms)
			SetLoadedEditorAssemblies (5ms)
			BeforeProcessingInitializeOnLoad (247ms)
			ProcessInitializeOnLoadAttributes (620ms)
			ProcessInitializeOnLoadMethodAttributes (82ms)
			AfterProcessingInitializeOnLoad (8ms)
			EditorAssembliesLoaded (0ms)
		ExecutionOrderSort2 (0ms)
		AwakeInstancesAfterBackupRestoration (29ms)
Refreshing native plugins compatible for Editor in 3.84 ms, found 3 plugins.
Preloading 0 native plugins for Editor in 0.00 ms.
Unloading 13 Unused Serialized files (Serialized files now loaded: 0)
Unloading 6106 unused Assets / (4.2 MB). Loaded Objects now: 6907.
Memory consumption went from 154.8 MB to 150.6 MB.
Total: 9.393000 ms (FindLiveObjects: 0.722200 ms CreateObjectMapping: 0.686400 ms MarkObjects: 5.466200 ms  DeleteObjects: 2.516700 ms)

Prepare: number of updated asset objects reloaded= 0
========================================================================
Received Import Request.
  Time since last request: 159.764137 seconds.
  path: Assets/AtmPersp_mat.mat
  artifactKey: Guid(a23e44953a06e4412babc9fa9729420b) Importer(815301076,1909f56bfc062723c751e8b465ee728b)
Start importing Assets/AtmPersp_mat.mat using Guid(a23e44953a06e4412babc9fa9729420b) Importer(815301076,1909f56bfc062723c751e8b465ee728b) (PreviewImporter) -> (artifact id: 'a09e915aab500fa6e9debdb4d92e473d') in 1.1984671 seconds
Number of updated asset objects reloaded before import = 2Number of asset objects unloaded after import = 1

========================================================================
Received Import Request.
  Time since last request: 10.739284 seconds.
  path: Assets/AtmPersp_mat.mat
  artifactKey: Guid(a23e44953a06e4412babc9fa9729420b) Importer(815301076,1909f56bfc062723c751e8b465ee728b)
Start importing Assets/AtmPersp_mat.mat using Guid(a23e44953a06e4412babc9fa9729420b) Importer(815301076,1909f56bfc062723c751e8b465ee728b) (PreviewImporter) -> (artifact id: 'b42cd9da8b25148d7c148f1052d5a20c') in 0.2066647 seconds
Number of updated asset objects reloaded before import = 2Number of asset objects unloaded after import = 1

========================================================================
Received Import Request.
  Time since last request: 340.245084 seconds.
  path: Assets/Scripts/LayerSpawner.cs
  artifactKey: Guid(31bc0afa0f60a46aaa67196d8a37f673) Importer(815301076,1909f56bfc062723c751e8b465ee728b)
Start importing Assets/Scripts/LayerSpawner.cs using Guid(31bc0afa0f60a46aaa67196d8a37f673) Importer(815301076,1909f56bfc062723c751e8b465ee728b) (PreviewImporter) -> (artifact id: '364726824b8a72758eba34bfc3519f37') in 0.0015277 seconds
Number of updated asset objects reloaded before import = 2Number of asset objects unloaded after import = 0

========================================================================
Received Prepare
Begin MonoManager ReloadAssembly
- Loaded All Assemblies, in  1.284 seconds
Refreshing native plugins compatible for Editor in 1.79 ms, found 3 plugins.
Native extension for WindowsStandalone target not found
Mono: successfully reloaded assembly
- Finished resetting the current domain, in  1.150 seconds
Domain Reload Profiling: 2431ms
	BeginReloadAssembly (409ms)
		ExecutionOrderSort (0ms)
		DisableScriptedObjects (42ms)
		BackupInstance (0ms)
		ReleaseScriptingObjects (0ms)
		CreateAndSetChildDomain (75ms)
	RebuildCommonClasses (70ms)
	RebuildNativeTypeToScriptingClass (24ms)
	initialDomainReloadingComplete (39ms)
	LoadAllAssembliesAndSetupDomain (738ms)
		LoadAssemblies (593ms)
		RebuildTransferFunctionScriptingTraits (0ms)
		AnalyzeDomain (355ms)
			TypeCache.Refresh (12ms)
				TypeCache.ScanAssembly (0ms)
			BuildScriptInfoCaches (309ms)
			ResolveRequiredComponents (23ms)
	FinalizeReload (1151ms)
		ReleaseScriptCaches (0ms)
		RebuildScriptCaches (0ms)
		SetupLoadedEditorAssemblies (926ms)
			LogAssemblyErrors (0ms)
			InitializePlatformSupportModulesInManaged (3ms)
			SetLoadedEditorAssemblies (5ms)
			BeforeProcessingInitializeOnLoad (206ms)
			ProcessInitializeOnLoadAttributes (629ms)
			ProcessInitializeOnLoadMethodAttributes (74ms)
			AfterProcessingInitializeOnLoad (9ms)
			EditorAssembliesLoaded (0ms)
		ExecutionOrderSort2 (0ms)
		AwakeInstancesAfterBackupRestoration (23ms)
Refreshing native plugins compatible for Editor in 1.66 ms, found 3 plugins.
Preloading 0 native plugins for Editor in 0.00 ms.
Unloading 13 Unused Serialized files (Serialized files now loaded: 0)
Unloading 6106 unused Assets / (3.9 MB). Loaded Objects now: 6929.
Memory consumption went from 152.4 MB to 148.4 MB.
Total: 13.235900 ms (FindLiveObjects: 0.738400 ms CreateObjectMapping: 1.154200 ms MarkObjects: 8.011100 ms  DeleteObjects: 3.330100 ms)

Prepare: number of updated asset objects reloaded= 0
========================================================================
Received Prepare
Begin MonoManager ReloadAssembly
- Loaded All Assemblies, in  1.305 seconds
Refreshing native plugins compatible for Editor in 2.03 ms, found 3 plugins.
Native extension for WindowsStandalone target not found
Mono: successfully reloaded assembly
- Finished resetting the current domain, in  1.462 seconds
Domain Reload Profiling: 2764ms
	BeginReloadAssembly (314ms)
		ExecutionOrderSort (0ms)
		DisableScriptedObjects (8ms)
		BackupInstance (0ms)
		ReleaseScriptingObjects (0ms)
		CreateAndSetChildDomain (65ms)
	RebuildCommonClasses (66ms)
	RebuildNativeTypeToScriptingClass (29ms)
	initialDomainReloadingComplete (47ms)
	LoadAllAssembliesAndSetupDomain (844ms)
		LoadAssemblies (555ms)
		RebuildTransferFunctionScriptingTraits (0ms)
		AnalyzeDomain (439ms)
			TypeCache.Refresh (9ms)
				TypeCache.ScanAssembly (0ms)
			BuildScriptInfoCaches (394ms)
			ResolveRequiredComponents (28ms)
	FinalizeReload (1463ms)
		ReleaseScriptCaches (0ms)
		RebuildScriptCaches (0ms)
		SetupLoadedEditorAssemblies (1126ms)
			LogAssemblyErrors (0ms)
			InitializePlatformSupportModulesInManaged (4ms)
			SetLoadedEditorAssemblies (7ms)
			BeforeProcessingInitializeOnLoad (250ms)
			ProcessInitializeOnLoadAttributes (697ms)
			ProcessInitializeOnLoadMethodAttributes (152ms)
			AfterProcessingInitializeOnLoad (15ms)
			EditorAssembliesLoaded (1ms)
		ExecutionOrderSort2 (0ms)
		AwakeInstancesAfterBackupRestoration (33ms)
Refreshing native plugins compatible for Editor in 2.77 ms, found 3 plugins.
Preloading 0 native plugins for Editor in 0.00 ms.
Unloading 13 Unused Serialized files (Serialized files now loaded: 0)
Unloading 6106 unused Assets / (4.9 MB). Loaded Objects now: 6931.
Memory consumption went from 154.9 MB to 150.0 MB.
Total: 12.054200 ms (FindLiveObjects: 0.817300 ms CreateObjectMapping: 0.897900 ms MarkObjects: 6.028200 ms  DeleteObjects: 4.308400 ms)

Prepare: number of updated asset objects reloaded= 0
